<?xml version="1.0" encoding="UTF-8"?>
<!-- Generated by org.testng.reporters.JUnitReportReporter -->
<testsuite hostname="user-Inspiron-3542" failures="0" tests="6" name="springBootTestCases.petClinicTest" time="17.779" errors="0" timestamp="03 Nov 2020 13:11:58 GMT" skipped="0">
  <testcase classname="springBootTestCases.petClinicTest" name="ADD_NEW_OWNER" time="9.173"/>
  <testcase classname="springBootTestCases.petClinicTest" name="EDIT_OWNER" time="2.246"/>
  <testcase classname="springBootTestCases.petClinicTest" name="ADD_NEW_PET" time="2.214"/>
  <testcase classname="springBootTestCases.petClinicTest" name="EDIT_PET" time="1.957"/>
  <testcase classname="springBootTestCases.petClinicTest" name="LIST_OWNER" time="1.515"/>
  <testcase classname="springBootTestCases.petClinicTest" name="LIST_VETERINARIANS" time="0.674"/>
</testsuite> <!-- springBootTestCases.petClinicTest -->
