<?xml version="1.0" encoding="UTF-8"?>
<!-- Generated by org.testng.reporters.JUnitReportReporter -->
<testsuite hostname="user-Inspiron-3542" failures="0" tests="6" name="springBootTestCases.petClinicTest" time="21.337" errors="0" timestamp="04 Nov 2020 03:23:51 GMT" skipped="0">
  <testcase classname="springBootTestCases.petClinicTest" name="ADD_NEW_OWNER" time="11.142"/>
  <testcase classname="springBootTestCases.petClinicTest" name="EDIT_OWNER" time="3.148"/>
  <testcase classname="springBootTestCases.petClinicTest" name="ADD_NEW_PET" time="2.643"/>
  <testcase classname="springBootTestCases.petClinicTest" name="EDIT_PET" time="2.178"/>
  <testcase classname="springBootTestCases.petClinicTest" name="LIST_OWNER" time="1.580"/>
  <testcase classname="springBootTestCases.petClinicTest" name="LIST_VETERINARIANS" time="0.646"/>
</testsuite> <!-- springBootTestCases.petClinicTest -->
