<?xml version="1.0" encoding="UTF-8"?>
<!-- Generated by org.testng.reporters.JUnitReportReporter -->
<testsuite hostname="user-Inspiron-3542" failures="0" tests="6" name="springBootTestCases.petClinicTest" time="19.771" errors="0" timestamp="04 Nov 2020 03:57:42 GMT" skipped="0">
  <testcase classname="springBootTestCases.petClinicTest" name="ADD_NEW_OWNER" time="10.968"/>
  <testcase classname="springBootTestCases.petClinicTest" name="EDIT_OWNER" time="2.715"/>
  <testcase classname="springBootTestCases.petClinicTest" name="ADD_NEW_PET" time="2.375"/>
  <testcase classname="springBootTestCases.petClinicTest" name="EDIT_PET" time="1.847"/>
  <testcase classname="springBootTestCases.petClinicTest" name="LIST_OWNER" time="1.226"/>
  <testcase classname="springBootTestCases.petClinicTest" name="LIST_VETERINARIANS" time="0.640"/>
</testsuite> <!-- springBootTestCases.petClinicTest -->
