<?xml version="1.0" encoding="UTF-8"?>
<!-- Generated by org.testng.reporters.JUnitReportReporter -->
<testsuite hostname="user-Inspiron-3542" failures="0" tests="6" name="springBootTestCases.petClinicTest" time="17.259" errors="0" timestamp="04 Nov 2020 08:16:05 GMT" skipped="0">
  <testcase classname="springBootTestCases.petClinicTest" name="ADD_NEW_OWNER" time="8.970"/>
  <testcase classname="springBootTestCases.petClinicTest" name="EDIT_OWNER" time="2.022"/>
  <testcase classname="springBootTestCases.petClinicTest" name="ADD_NEW_PET" time="2.494"/>
  <testcase classname="springBootTestCases.petClinicTest" name="EDIT_PET" time="1.721"/>
  <testcase classname="springBootTestCases.petClinicTest" name="LIST_OWNER" time="1.253"/>
  <testcase classname="springBootTestCases.petClinicTest" name="LIST_VETERINARIANS" time="0.799"/>
</testsuite> <!-- springBootTestCases.petClinicTest -->
