<?xml version="1.0" encoding="UTF-8"?>
<!-- Generated by org.testng.reporters.JUnitReportReporter -->
<testsuite hostname="user-Inspiron-3542" failures="0" tests="6" name="springBootTestCases.petClinicTest" time="16.305" errors="0" timestamp="05 Nov 2020 05:16:28 GMT" skipped="0">
  <testcase classname="springBootTestCases.petClinicTest" name="ADD_NEW_OWNER" time="7.988"/>
  <testcase classname="springBootTestCases.petClinicTest" name="EDIT_OWNER" time="2.085"/>
  <testcase classname="springBootTestCases.petClinicTest" name="ADD_NEW_PET" time="2.630"/>
  <testcase classname="springBootTestCases.petClinicTest" name="EDIT_PET" time="1.783"/>
  <testcase classname="springBootTestCases.petClinicTest" name="LIST_OWNER" time="1.188"/>
  <testcase classname="springBootTestCases.petClinicTest" name="LIST_VETERINARIANS" time="0.631"/>
</testsuite> <!-- springBootTestCases.petClinicTest -->
